2026-05-02 19:08:05 | __main__             | INFO     | 
2026-05-02 19:08:05 | __main__             | INFO     | ============================================================
2026-05-02 19:08:05 | __main__             | INFO     | INICIANDO PIPELINE MAESTRO
2026-05-02 19:08:05 | __main__             | INFO     | ============================================================
2026-05-02 19:08:05 | __main__             | INFO     | 
2026-05-02 19:08:05 | __main__             | INFO     | ============================================================
2026-05-02 19:08:05 | __main__             | INFO     | >> [1]   Ingesta
2026-05-02 19:08:05 | __main__             | INFO     | ============================================================
2026-05-02 19:08:48 | __main__             | INFO     | [OK] [1]   Ingesta completada en 43.02s
2026-05-02 19:08:48 | __main__             | INFO     | 
2026-05-02 19:08:48 | __main__             | INFO     | ============================================================
2026-05-02 19:08:48 | __main__             | INFO     | >> [2]   Transformacion
2026-05-02 19:08:48 | __main__             | INFO     | ============================================================
2026-05-02 19:08:49 | __main__             | INFO     | [OK] [2]   Transformacion completada en 0.74s
2026-05-02 19:08:49 | __main__             | INFO     | 
2026-05-02 19:08:49 | __main__             | INFO     | ============================================================
2026-05-02 19:08:49 | __main__             | INFO     | >> [2.5] Validacion
2026-05-02 19:08:49 | __main__             | INFO     | ============================================================
2026-05-02 19:08:49 | __main__             | INFO     | [OK] [2.5] Validacion completada en 0.62s
2026-05-02 19:08:49 | __main__             | INFO     | 
2026-05-02 19:08:49 | __main__             | INFO     | ============================================================
2026-05-02 19:08:49 | __main__             | INFO     | >> [3]   Features
2026-05-02 19:08:49 | __main__             | INFO     | ============================================================
2026-05-02 19:09:06 | __main__             | INFO     | [OK] [3]   Features completada en 16.79s
2026-05-02 19:09:06 | __main__             | INFO     | 
2026-05-02 19:09:06 | __main__             | INFO     | ============================================================
2026-05-02 19:09:06 | __main__             | INFO     | >> [4]   Entrenamiento
2026-05-02 19:09:06 | __main__             | INFO     | ============================================================
2026-05-02 19:09:09 | __main__             | INFO     | [OK] [4]   Entrenamiento completada en 2.59s
2026-05-02 19:09:09 | __main__             | INFO     | 
2026-05-02 19:09:09 | __main__             | INFO     | ============================================================
2026-05-02 19:09:09 | __main__             | INFO     | >> [4.1] Reentrenamiento
2026-05-02 19:09:09 | __main__             | INFO     | ============================================================
2026-05-02 19:09:12 | __main__             | INFO     | [OK] [4.1] Reentrenamiento completada en 3.15s
2026-05-02 19:09:12 | __main__             | INFO     | 
2026-05-02 19:09:12 | __main__             | INFO     | ============================================================
2026-05-02 19:09:12 | __main__             | INFO     | >> [4.5] Evaluacion
2026-05-02 19:09:12 | __main__             | INFO     | ============================================================
2026-05-02 19:09:15 | __main__             | INFO     | [OK] [4.5] Evaluacion completada en 3.03s
2026-05-02 19:09:15 | __main__             | INFO     | 
2026-05-02 19:09:15 | __main__             | INFO     | ============================================================
2026-05-02 19:09:15 | __main__             | INFO     | Etapas completadas : 7/7
2026-05-02 19:09:15 | __main__             | INFO     | Tiempo total       : 69.94s
2026-05-02 19:09:15 | __main__             | INFO     | [EXITO] Pipeline completado correctamente
2026-05-02 19:09:15 | __main__             | INFO     | ============================================================
