2026-05-02 18:54:34 | __main__             | INFO     | [TRAIN] Iniciando entrenamiento...
2026-05-02 18:54:35 | __main__             | INFO     | [TRAIN] Cargados 43765 registros
2026-05-02 18:54:35 | __main__             | INFO     | [TRAIN] Columnas disponibles: ['crypto', 'timestamp', 'price_usd', 'market_cap', 'change_1h_pct', 'change_24h_pct', 'change_7d_pct', 'volatility_30d', 'rsi_14', 'volume_24h', 'crypto_encoded', 'hour', 'day_of_week', 'month']
2026-05-02 18:54:35 | __main__             | INFO     | [TRAIN] Features que entran al modelo: ['market_cap', 'change_1h_pct', 'change_24h_pct', 'change_7d_pct', 'volatility_30d', 'rsi_14', 'volume_24h', 'crypto_encoded', 'hour', 'day_of_week', 'month']
2026-05-02 18:54:35 | __main__             | INFO     | [TRAIN] Filas tras eliminar NaN de warm-up: 42925 (840 eliminadas)
2026-05-02 18:54:35 | __main__             | INFO     | [TRAIN] X shape: (42925, 11) | y shape: (42925,)
2026-05-02 18:54:35 | __main__             | INFO     | [TRAIN] Target  min: 1.1625 | max: 126011.1800 | mean: 20071.7308
2026-05-02 18:54:35 | __main__             | INFO     | [TRAIN] Ejecutando validaciµn cruzada temporal con 5 folds...
2026-05-02 18:54:35 | __main__             | INFO     | [TRAIN] Fold 1: train=7155 filas | test=7154 filas
2026-05-02 18:54:35 | __main__             | INFO     | [TRAIN] Fold 1: MAE=1603.7730 | RMSE=3427.5912 | Rý=0.9944
2026-05-02 18:54:35 | __main__             | INFO     | [TRAIN] Fold 2: train=14309 filas | test=7154 filas
2026-05-02 18:54:35 | __main__             | INFO     | [TRAIN] Fold 2: MAE=327.0529 | RMSE=1357.2322 | Rý=0.9991
2026-05-02 18:54:35 | __main__             | INFO     | [TRAIN] Fold 3: train=21463 filas | test=7154 filas
2026-05-02 18:54:35 | __main__             | INFO     | [TRAIN] Fold 3: MAE=11510.5315 | RMSE=27794.5624 | Rý=0.4146
2026-05-02 18:54:35 | __main__             | INFO     | [TRAIN] Fold 4: train=28617 filas | test=7154 filas
2026-05-02 18:54:35 | __main__             | INFO     | [TRAIN] Fold 4: MAE=6406.9398 | RMSE=17595.3924 | Rý=0.6944
2026-05-02 18:54:35 | __main__             | INFO     | [TRAIN] Fold 5: train=35771 filas | test=7154 filas
2026-05-02 18:54:35 | __main__             | INFO     | [TRAIN] Fold 5: MAE=411.6765 | RMSE=1072.6859 | Rý=0.9986
2026-05-02 18:54:35 | __main__             | INFO     | [TRAIN] MÕtricas medias  MAE=4051.9948 | RMSE=10249.4928 | Rý=0.8202
2026-05-02 18:54:35 | __main__             | INFO     | [TRAIN] Entrenando modelo final sobre todos los datos...
2026-05-02 18:54:35 | __main__             | INFO     | [TRAIN] Importancia de features:
market_cap        0.582428
volatility_30d    0.363772
month             0.036669
volume_24h        0.010329
crypto_encoded    0.006393
change_24h_pct    0.000115
change_7d_pct     0.000101
rsi_14            0.000098
hour              0.000041
day_of_week       0.000036
change_1h_pct     0.000019
2026-05-02 18:54:35 | __main__             | INFO     | [TRAIN] Modelo guardado en: C:\Users\Usuario\Desktop\tfm-ia\data\models\model.pkl
