2026-05-02 18:32:42 | __main__             | INFO     | [TRAIN] Iniciando entrenamiento...
2026-05-02 18:32:42 | __main__             | INFO     | [TRAIN] Cargados 43765 registros
2026-05-02 18:32:42 | __main__             | INFO     | [TRAIN] Columnas disponibles: ['crypto', 'timestamp', 'price_usd', 'market_cap', 'change_1h_pct', 'change_24h_pct', 'change_7d_pct', 'volatility_30d', 'rsi_14', 'volume_24h', 'crypto_encoded', 'hour', 'day_of_week', 'month']
2026-05-02 18:32:42 | __main__             | INFO     | [TRAIN] Features que entran al modelo: ['market_cap', 'change_1h_pct', 'change_24h_pct', 'change_7d_pct', 'volatility_30d', 'rsi_14', 'volume_24h', 'crypto_encoded', 'hour', 'day_of_week', 'month']
2026-05-02 18:32:42 | __main__             | INFO     | [TRAIN] Filas tras eliminar NaN de warm-up: 42925 (840 eliminadas)
2026-05-02 18:32:42 | __main__             | INFO     | [TRAIN] X shape: (42925, 11) | y shape: (42925,)
2026-05-02 18:32:42 | __main__             | INFO     | [TRAIN] Target  min: 1.1625 | max: 126011.1800 | mean: 20071.7306
2026-05-02 18:32:42 | __main__             | INFO     | [TRAIN] Ejecutando validaciµn cruzada temporal con 5 folds...
2026-05-02 18:32:42 | __main__             | INFO     | [TRAIN] Fold 1: train=7155 filas | test=7154 filas
2026-05-02 18:32:42 | __main__             | INFO     | [TRAIN] Fold 1: MAE=84397.0850 | RMSE=94797.7282 | Rý=-3.7715
2026-05-02 18:32:42 | __main__             | INFO     | [TRAIN] Fold 2: train=14309 filas | test=7154 filas
2026-05-02 18:32:42 | __main__             | INFO     | [TRAIN] Fold 2: MAE=25466.6114 | RMSE=31811.1300 | Rý=0.2110
2026-05-02 18:32:42 | __main__             | INFO     | [TRAIN] Fold 3: train=21463 filas | test=7154 filas
2026-05-02 18:32:43 | __main__             | INFO     | [TRAIN] Fold 3: MAE=1011.1774 | RMSE=1416.1502 | Rý=-0.1356
2026-05-02 18:32:43 | __main__             | INFO     | [TRAIN] Fold 4: train=28617 filas | test=7154 filas
2026-05-02 18:32:43 | __main__             | INFO     | [TRAIN] Fold 4: MAE=48.9234 | RMSE=64.5548 | Rý=-0.0660
2026-05-02 18:32:43 | __main__             | INFO     | [TRAIN] Fold 5: train=35771 filas | test=7154 filas
2026-05-02 18:32:43 | __main__             | INFO     | [TRAIN] Fold 5: MAE=29.6475 | RMSE=38.6101 | Rý=0.3786
2026-05-02 18:32:43 | __main__             | INFO     | [TRAIN] MÕtricas medias  MAE=22190.6889 | RMSE=25625.6347 | Rý=-0.6767
2026-05-02 18:32:43 | __main__             | INFO     | [TRAIN] Entrenando modelo final sobre todos los datos...
2026-05-02 18:32:43 | __main__             | INFO     | [TRAIN] Importancia de features:
market_cap        0.589250
volatility_30d    0.360453
month             0.032762
volume_24h        0.010276
crypto_encoded    0.006778
change_7d_pct     0.000154
change_24h_pct    0.000127
rsi_14            0.000090
hour              0.000048
day_of_week       0.000043
change_1h_pct     0.000018
2026-05-02 18:32:43 | __main__             | INFO     | [TRAIN] Modelo guardado en: C:\Users\Usuario\Desktop\tfm-ia\data\models\model.pkl
