2026-04-15 20:21:05 | __main__             | INFO     | [FEATURES] Construyendo dataset con features...
2026-04-15 20:21:05 | __main__             | INFO     | [FEATURES] Cargados 155 registros
2026-04-15 20:21:05 | __main__             | INFO     | [FEATURES] Generando features...
2026-04-15 20:21:05 | __main__             | INFO     | [FEATURES] Filas ANTES de rellenar: 155
2026-04-15 20:21:05 | __main__             | INFO     | [FEATURES] NaNs por columna ANTES:
coin_id             0
coin                0
timestamp           0
price_usd           0
volume_24h          0
market_cap          0
processed_at        0
change_1h_pct       5
change_24h_pct      5
change_7d_pct      35
rsi_14             65
volatility_30d    145
price_sma_7        30
price_sma_30      145
target              0
dtype: int64
2026-04-15 20:21:05 | __main__             | INFO     | [FEATURES] Filas DESPUES de rellenar: 155
2026-04-15 20:21:05 | __main__             | INFO     | [FEATURES] NaNs por columna DESPUES:
coin_id           0
coin              0
timestamp         0
price_usd         0
volume_24h        0
market_cap        0
processed_at      0
change_1h_pct     0
change_24h_pct    0
change_7d_pct     0
rsi_14            0
volatility_30d    0
price_sma_7       0
price_sma_30      0
target            0
dtype: int64
2026-04-15 20:21:05 | __main__             | INFO     | [FEATURES] Dataset con features generado
2026-04-15 20:21:05 | __main__             | INFO     | [FEATURES] Guardado en: C:\Users\Usuario\Desktop\tfm-ia\data\processed\dataset_features.csv
2026-04-15 20:21:05 | __main__             | INFO     | [FEATURES] Shape final: (155, 15)
2026-04-15 20:21:05 | __main__             | INFO     | [FEATURES] Primeras filas:
   coin_id     coin           timestamp     price_usd    volume_24h    market_cap                processed_at  change_1h_pct  change_24h_pct  change_7d_pct     rsi_14  volatility_30d   price_sma_7  price_sma_30  target
0  bitcoin  bitcoin 2026-03-17 01:00:00  74858.148701  5.642467e+10  1.496607e+12  2026-04-15T20:21:04.068050      -1.244847       -1.244847      -5.297113  25.184468     2664.369988  71006.684547  69984.169173       0
1  bitcoin  bitcoin 2026-03-18 01:00:00  73926.278992  4.779615e+10  1.479034e+12  2026-04-15T20:21:04.068050      -1.244847       -1.244847      -5.297113  25.184468     2664.369988  71006.684547  69984.169173       0
2  bitcoin  bitcoin 2026-03-19 01:00:00  71255.863503  4.623539e+10  1.425248e+12  2026-04-15T20:21:04.068050      -3.612268       -3.612268      -5.297113  25.184468     2664.369988  71006.684547  69984.169173       0
3  bitcoin  bitcoin 2026-03-20 01:00:00  69871.451480  4.606951e+10  1.397132e+12  2026-04-15T20:21:04.068050      -1.942875       -1.942875      -5.297113  25.184468     2664.369988  71006.684547  69984.169173       0
4  bitcoin  bitcoin 2026-03-21 01:00:00  70552.625300  3.928851e+10  1.411553e+12  2026-04-15T20:21:04.068050       0.974896        0.974896      -5.297113  25.184468     2664.369988  71006.684547  69984.169173       1
