2026-05-02 19:09:14 | __main__             | INFO     | [EVALUATE] Iniciando evaluaciµn del modelo...
2026-05-02 19:09:14 | __main__             | INFO     | [EVALUATE] Modelo cargado desde: C:\Users\Usuario\Desktop\tfm-ia\data\models\model.pkl
2026-05-02 19:09:14 | __main__             | INFO     | [EVALUATE] Dataset cargado: 43770 filas
2026-05-02 19:09:14 | __main__             | INFO     | [EVALUATE] Filas tras eliminar NaN: 42930 (840 eliminadas)
2026-05-02 19:09:14 | __main__             | INFO     | ============================================================
2026-05-02 19:09:14 | __main__             | INFO     | [EVALUATE] MèTRICAS GLOBALES (IN-SAMPLE)
2026-05-02 19:09:14 | __main__             | INFO     | ============================================================
2026-05-02 19:09:14 | __main__             | INFO     | MAE  : 121.2064
2026-05-02 19:09:14 | __main__             | INFO     | RMSE : 297.9677
2026-05-02 19:09:14 | __main__             | INFO     | Rý   : 0.9999
2026-05-02 19:09:14 | __main__             | INFO     | ============================================================
2026-05-02 19:09:14 | __main__             | INFO     | [EVALUATE] HOLDOUT TEMPORAL (OUT-OF-SAMPLE)
2026-05-02 19:09:14 | __main__             | INFO     | ============================================================
2026-05-02 19:09:14 | __main__             | INFO     | Train: 34344 filas
2026-05-02 19:09:14 | __main__             | INFO     | Test : 8586 filas
2026-05-02 19:09:14 | __main__             | INFO     | MAE  : 905.0691
2026-05-02 19:09:14 | __main__             | INFO     | RMSE : 2184.8085
2026-05-02 19:09:14 | __main__             | INFO     | Rý   : 0.9940
2026-05-02 19:09:14 | __main__             | INFO     | ============================================================
2026-05-02 19:09:14 | __main__             | INFO     | [EVALUATE] VALIDACIÆN TEMPORAL POR FOLDS
2026-05-02 19:09:14 | __main__             | INFO     | ============================================================
2026-05-02 19:09:14 | __main__             | INFO     | Fold 1: MAE=1587.7169 | RMSE=3476.9987 | Rý=0.9942
2026-05-02 19:09:14 | __main__             | INFO     | Fold 2: MAE=316.8790 | RMSE=1492.2300 | Rý=0.9989
2026-05-02 19:09:14 | __main__             | INFO     | Fold 3: MAE=11891.0397 | RMSE=28713.2704 | Rý=0.3751
2026-05-02 19:09:14 | __main__             | INFO     | Fold 4: MAE=6206.0045 | RMSE=17648.6768 | Rý=0.6927
2026-05-02 19:09:15 | __main__             | INFO     | Fold 5: MAE=418.4378 | RMSE=1128.7762 | Rý=0.9984
2026-05-02 19:09:15 | __main__             | INFO     | Media folds: MAE=4084.0156 | RMSE=10491.9904 | Rý=0.8119
2026-05-02 19:09:15 | __main__             | INFO     | ============================================================
2026-05-02 19:09:15 | __main__             | INFO     | [EVALUATE] MèTRICAS POR CRYPTO
2026-05-02 19:09:15 | __main__             | INFO     | ============================================================
2026-05-02 19:09:15 | __main__             | INFO     | BinanceCoin     MAE=26.4133 | RMSE=44.2718 | Rý=0.9293
2026-05-02 19:09:15 | __main__             | INFO     | Bitcoin         MAE=499.5503 | RMSE=660.0461 | Rý=0.9986
2026-05-02 19:09:15 | __main__             | INFO     | Ethereum        MAE=48.1242 | RMSE=73.0393 | Rý=0.9922
2026-05-02 19:09:15 | __main__             | INFO     | Ripple          MAE=14.5743 | RMSE=18.1762 | Rý=-912.4215
2026-05-02 19:09:15 | __main__             | INFO     | Solana          MAE=17.3701 | RMSE=25.2555 | Rý=0.6887
2026-05-02 19:09:15 | __main__             | INFO     | ============================================================
2026-05-02 19:09:15 | __main__             | INFO     | [EVALUATE] IMPORTANCIA DE FEATURES
2026-05-02 19:09:15 | __main__             | INFO     | ============================================================
2026-05-02 19:09:15 | __main__             | INFO     | 
market_cap        0.619819
volatility_30d    0.271722
volume_24h        0.059700
month             0.041901
crypto_encoded    0.006079
change_24h_pct    0.000230
change_7d_pct     0.000227
rsi_14            0.000182
hour              0.000078
day_of_week       0.000033
change_1h_pct     0.000030
2026-05-02 19:09:15 | __main__             | INFO     | ============================================================
2026-05-02 19:09:15 | __main__             | INFO     | [EVALUATE] Predicciones exportadas: C:\Users\Usuario\Desktop\tfm-ia\outputs\predicciones_evaluacion.csv
