2026-05-02 18:40:37 | __main__             | INFO     | [RETRAIN] Iniciando reentrenamiento calibrado...
2026-05-02 18:40:37 | __main__             | INFO     | [RETRAIN] Cargados 43765 registros
2026-05-02 18:40:37 | __main__             | INFO     | [RETRAIN] Columnas disponibles: ['crypto', 'timestamp', 'price_usd', 'market_cap', 'change_1h_pct', 'change_24h_pct', 'change_7d_pct', 'volatility_30d', 'rsi_14', 'volume_24h', 'crypto_encoded', 'hour', 'day_of_week', 'month']
2026-05-02 18:40:37 | __main__             | INFO     | [RETRAIN] Filas tras eliminar NaN: 42925 (840 eliminadas)
2026-05-02 18:40:37 | __main__             | INFO     | [RETRAIN] X shape: (42925, 11) | y shape: (42925,)
2026-05-02 18:40:37 | __main__             | INFO     | [RETRAIN] Target  min: 1.1625 | max: 126011.1800 | mean: 20071.7304
2026-05-02 18:40:37 | __main__             | INFO     | [RETRAIN] Validación cruzada temporal con 5 folds...
2026-05-02 18:40:37 | __main__             | INFO     | [RETRAIN] Fold 1: train=7155 | test=7154
2026-05-02 18:40:38 | __main__             | INFO     | [RETRAIN] Fold 1: MAE=1573.0786 | RMSE=3442.3308 | Rē=0.9943 | best_iter=327
2026-05-02 18:40:38 | __main__             | INFO     | [RETRAIN] Fold 2: train=14309 | test=7154
2026-05-02 18:40:38 | __main__             | INFO     | [RETRAIN] Fold 2: MAE=314.0075 | RMSE=1497.6000 | Rē=0.9989 | best_iter=172
2026-05-02 18:40:38 | __main__             | INFO     | [RETRAIN] Fold 3: train=21463 | test=7154
2026-05-02 18:40:38 | __main__             | INFO     | [RETRAIN] Fold 3: MAE=18940.1742 | RMSE=29064.8007 | Rē=0.3598 | best_iter=18
2026-05-02 18:40:38 | __main__             | INFO     | [RETRAIN] Fold 4: train=28617 | test=7154
2026-05-02 18:40:38 | __main__             | INFO     | [RETRAIN] Fold 4: MAE=6204.2317 | RMSE=17636.9208 | Rē=0.6930 | best_iter=131
2026-05-02 18:40:38 | __main__             | INFO     | [RETRAIN] Fold 5: train=35771 | test=7154
2026-05-02 18:40:38 | __main__             | INFO     | [RETRAIN] Fold 5: MAE=415.6685 | RMSE=1112.5901 | Rē=0.9985 | best_iter=197
2026-05-02 18:40:38 | __main__             | INFO     | [RETRAIN] Métricas medias  MAE=5489.4321 | RMSE=10550.8485 | Rē=0.8089
2026-05-02 18:40:38 | __main__             | INFO     | [RETRAIN] Número óptimo de estimadores (media folds): 169
2026-05-02 18:40:38 | __main__             | INFO     | [RETRAIN] Entrenando modelo final con 169 estimadores...
2026-05-02 18:40:39 | __main__             | INFO     | [RETRAIN] Métricas finales (train completo)  MAE=125.0528 | RMSE=306.2926 | Rē=0.9999
2026-05-02 18:40:39 | __main__             | INFO     | [RETRAIN] Importancia de features:
market_cap        0.605869
volatility_30d    0.294663
volume_24h        0.056437
month             0.036629
crypto_encoded    0.005592
change_7d_pct     0.000261
change_24h_pct    0.000220
rsi_14            0.000179
hour              0.000082
day_of_week       0.000035
change_1h_pct     0.000033
2026-05-02 18:40:39 | __main__             | INFO     | [RETRAIN] Modelo guardado en: C:\Users\Usuario\Desktop\tfm-ia\data\models\model.pkl
