2026-05-02 18:53:32 | __main__             | INFO     | 
2026-05-02 18:53:32 | __main__             | INFO     | ============================================================
2026-05-02 18:53:32 | __main__             | INFO     | INICIANDO PIPELINE MAESTRO
2026-05-02 18:53:32 | __main__             | INFO     | ============================================================
2026-05-02 18:53:32 | __main__             | INFO     | 
2026-05-02 18:53:32 | __main__             | INFO     | ============================================================
2026-05-02 18:53:32 | __main__             | INFO     | >> [1]   Ingesta
2026-05-02 18:53:32 | __main__             | INFO     | ============================================================
2026-05-02 18:54:15 | __main__             | INFO     | [OK] [1]   Ingesta completada en 43.04s
2026-05-02 18:54:15 | __main__             | INFO     | 
2026-05-02 18:54:15 | __main__             | INFO     | ============================================================
2026-05-02 18:54:15 | __main__             | INFO     | >> [2]   Transformacion
2026-05-02 18:54:15 | __main__             | INFO     | ============================================================
2026-05-02 18:54:16 | __main__             | INFO     | [OK] [2]   Transformacion completada en 0.73s
2026-05-02 18:54:16 | __main__             | INFO     | 
2026-05-02 18:54:16 | __main__             | INFO     | ============================================================
2026-05-02 18:54:16 | __main__             | INFO     | >> [2.5] Validacion
2026-05-02 18:54:16 | __main__             | INFO     | ============================================================
2026-05-02 18:54:17 | __main__             | INFO     | [OK] [2.5] Validacion completada en 0.61s
2026-05-02 18:54:17 | __main__             | INFO     | 
2026-05-02 18:54:17 | __main__             | INFO     | ============================================================
2026-05-02 18:54:17 | __main__             | INFO     | >> [3]   Features
2026-05-02 18:54:17 | __main__             | INFO     | ============================================================
2026-05-02 18:54:33 | __main__             | INFO     | [OK] [3]   Features completada en 16.04s
2026-05-02 18:54:33 | __main__             | INFO     | 
2026-05-02 18:54:33 | __main__             | INFO     | ============================================================
2026-05-02 18:54:33 | __main__             | INFO     | >> [4]   Entrenamiento
2026-05-02 18:54:33 | __main__             | INFO     | ============================================================
2026-05-02 18:54:35 | __main__             | INFO     | [OK] [4]   Entrenamiento completada en 2.52s
2026-05-02 18:54:35 | __main__             | INFO     | 
2026-05-02 18:54:35 | __main__             | INFO     | ============================================================
2026-05-02 18:54:35 | __main__             | INFO     | >> [4.1] Reentrenamiento
2026-05-02 18:54:35 | __main__             | INFO     | ============================================================
2026-05-02 18:54:38 | __main__             | INFO     | [OK] [4.1] Reentrenamiento completada en 3.09s
2026-05-02 18:54:38 | __main__             | INFO     | 
2026-05-02 18:54:38 | __main__             | INFO     | ============================================================
2026-05-02 18:54:38 | __main__             | INFO     | >> [4.5] Evaluacion
2026-05-02 18:54:38 | __main__             | INFO     | ============================================================
2026-05-02 18:54:41 | __main__             | INFO     | [OK] [4.5] Evaluacion completada en 2.85s
2026-05-02 18:54:41 | __main__             | INFO     | 
2026-05-02 18:54:41 | __main__             | INFO     | ============================================================
2026-05-02 18:54:41 | __main__             | INFO     | Etapas completadas : 7/7
2026-05-02 18:54:41 | __main__             | INFO     | Tiempo total       : 68.90s
2026-05-02 18:54:41 | __main__             | INFO     | [EXITO] Pipeline completado correctamente
2026-05-02 18:54:41 | __main__             | INFO     | ============================================================
