2026-05-02 18:31:36 | __main__             | INFO     | 
2026-05-02 18:31:36 | __main__             | INFO     | ============================================================
2026-05-02 18:31:36 | __main__             | INFO     | INICIANDO PIPELINE MAESTRO
2026-05-02 18:31:36 | __main__             | INFO     | ============================================================
2026-05-02 18:31:36 | __main__             | INFO     | 
2026-05-02 18:31:36 | __main__             | INFO     | ============================================================
2026-05-02 18:31:36 | __main__             | INFO     | >> [1]   Ingesta
2026-05-02 18:31:36 | __main__             | INFO     | ============================================================
2026-05-02 18:32:19 | __main__             | INFO     | [OK] [1]   Ingesta completada en 42.93s
2026-05-02 18:32:19 | __main__             | INFO     | 
2026-05-02 18:32:19 | __main__             | INFO     | ============================================================
2026-05-02 18:32:19 | __main__             | INFO     | >> [2]   Transformacion
2026-05-02 18:32:19 | __main__             | INFO     | ============================================================
2026-05-02 18:32:20 | __main__             | INFO     | [OK] [2]   Transformacion completada en 1.08s
2026-05-02 18:32:20 | __main__             | INFO     | 
2026-05-02 18:32:20 | __main__             | INFO     | ============================================================
2026-05-02 18:32:20 | __main__             | INFO     | >> [2.5] Validacion
2026-05-02 18:32:20 | __main__             | INFO     | ============================================================
2026-05-02 18:32:20 | __main__             | INFO     | [OK] [2.5] Validacion completada en 0.72s
2026-05-02 18:32:20 | __main__             | INFO     | 
2026-05-02 18:32:20 | __main__             | INFO     | ============================================================
2026-05-02 18:32:20 | __main__             | INFO     | >> [3]   Features
2026-05-02 18:32:20 | __main__             | INFO     | ============================================================
2026-05-02 18:32:36 | __main__             | INFO     | [OK] [3]   Features completada en 15.97s
2026-05-02 18:32:36 | __main__             | INFO     | 
2026-05-02 18:32:36 | __main__             | INFO     | ============================================================
2026-05-02 18:32:36 | __main__             | INFO     | >> [4]   Entrenamiento
2026-05-02 18:32:36 | __main__             | INFO     | ============================================================
2026-05-02 18:32:43 | __main__             | INFO     | [OK] [4]   Entrenamiento completada en 6.59s
2026-05-02 18:32:43 | __main__             | INFO     | 
2026-05-02 18:32:43 | __main__             | INFO     | ============================================================
2026-05-02 18:32:43 | __main__             | INFO     | >> [4.1] Reentrenamiento
2026-05-02 18:32:43 | __main__             | INFO     | ============================================================
2026-05-02 18:32:46 | __main__             | INFO     | [OK] [4.1] Reentrenamiento completada en 2.55s
2026-05-02 18:32:46 | __main__             | INFO     | 
2026-05-02 18:32:46 | __main__             | INFO     | ============================================================
2026-05-02 18:32:46 | __main__             | INFO     | >> [4.5] Evaluacion
2026-05-02 18:32:46 | __main__             | INFO     | ============================================================
2026-05-02 18:32:48 | __main__             | INFO     | [OK] [4.5] Evaluacion completada en 2.09s
2026-05-02 18:32:48 | __main__             | INFO     | 
2026-05-02 18:32:48 | __main__             | INFO     | ============================================================
2026-05-02 18:32:48 | __main__             | INFO     | Etapas completadas : 7/7
2026-05-02 18:32:48 | __main__             | INFO     | Tiempo total       : 71.93s
2026-05-02 18:32:48 | __main__             | INFO     | [EXITO] Pipeline completado correctamente
2026-05-02 18:32:48 | __main__             | INFO     | ============================================================
