2026-05-03 16:46:42 | __main__             | INFO     | [RETRAIN] Iniciando reentrenamiento calibrado...
2026-05-03 16:46:42 | __main__             | INFO     | [RETRAIN] Cargados 43755 registros
2026-05-03 16:46:42 | __main__             | INFO     | [RETRAIN] Columnas disponibles: ['crypto', 'timestamp', 'price_usd', 'market_cap', 'change_1h_pct', 'change_24h_pct', 'change_7d_pct', 'volatility_30d', 'rsi_14', 'volume_24h', 'crypto_encoded', 'hour', 'day_of_week', 'month']
2026-05-03 16:46:42 | __main__             | INFO     | [RETRAIN] Filas tras eliminar NaN: 42915 (840 eliminadas)
2026-05-03 16:46:42 | __main__             | INFO     | [RETRAIN] X shape: (42915, 11) | y shape: (42915,)
2026-05-03 16:46:42 | __main__             | INFO     | [RETRAIN] Target  min: 1.1625 | max: 126011.1800 | mean: 20058.4948
2026-05-03 16:46:42 | __main__             | INFO     | [RETRAIN] Validación cruzada temporal con 5 folds...
2026-05-03 16:46:42 | __main__             | INFO     | [RETRAIN] Fold 1: train=7155 | test=7152
2026-05-03 16:46:43 | __main__             | INFO     | [RETRAIN] Fold 1: MAE=1822.6768 | RMSE=3709.3796 | Rē=0.9934 | best_iter=301
2026-05-03 16:46:43 | __main__             | INFO     | [RETRAIN] Fold 2: train=14307 | test=7152
2026-05-03 16:46:43 | __main__             | INFO     | [RETRAIN] Fold 2: MAE=333.8187 | RMSE=1433.6571 | Rē=0.9990 | best_iter=257
2026-05-03 16:46:43 | __main__             | INFO     | [RETRAIN] Fold 3: train=21459 | test=7152
2026-05-03 16:46:43 | __main__             | INFO     | [RETRAIN] Fold 3: MAE=19079.9382 | RMSE=29288.6699 | Rē=0.3469 | best_iter=18
2026-05-03 16:46:43 | __main__             | INFO     | [RETRAIN] Fold 4: train=28611 | test=7152
2026-05-03 16:46:43 | __main__             | INFO     | [RETRAIN] Fold 4: MAE=6402.4339 | RMSE=17905.6623 | Rē=0.6814 | best_iter=174
2026-05-03 16:46:43 | __main__             | INFO     | [RETRAIN] Fold 5: train=35763 | test=7152
2026-05-03 16:46:43 | __main__             | INFO     | [RETRAIN] Fold 5: MAE=381.2755 | RMSE=1165.6569 | Rē=0.9983 | best_iter=190
2026-05-03 16:46:43 | __main__             | INFO     | [RETRAIN] Métricas medias  MAE=5604.0286 | RMSE=10700.6051 | Rē=0.8038
2026-05-03 16:46:43 | __main__             | INFO     | [RETRAIN] Número óptimo de estimadores (media folds): 188
2026-05-03 16:46:43 | __main__             | INFO     | [RETRAIN] Entrenando modelo final con 188 estimadores...
2026-05-03 16:46:44 | __main__             | INFO     | [RETRAIN] Métricas finales (train completo)  MAE=128.7850 | RMSE=325.5170 | Rē=0.9999
2026-05-03 16:46:44 | __main__             | INFO     | [RETRAIN] Importancia de features:
market_cap        0.633805
volatility_30d    0.262997
volume_24h        0.052499
month             0.043565
crypto_encoded    0.005685
change_7d_pct     0.000842
change_24h_pct    0.000255
rsi_14            0.000206
hour              0.000084
day_of_week       0.000034
change_1h_pct     0.000027
2026-05-03 16:46:44 | __main__             | INFO     | [RETRAIN] Modelo guardado en: C:\Users\Usuario\Desktop\tfm-ia\data\models\model.pkl
