2026-05-02 18:58:20 | __main__             | INFO     | 
2026-05-02 18:58:20 | __main__             | INFO     | ============================================================
2026-05-02 18:58:20 | __main__             | INFO     | INICIANDO PIPELINE MAESTRO
2026-05-02 18:58:20 | __main__             | INFO     | ============================================================
2026-05-02 18:58:20 | __main__             | INFO     | 
2026-05-02 18:58:20 | __main__             | INFO     | ============================================================
2026-05-02 18:58:20 | __main__             | INFO     | >> [1]   Ingesta
2026-05-02 18:58:20 | __main__             | INFO     | ============================================================
2026-05-02 18:59:03 | __main__             | INFO     | [OK] [1]   Ingesta completada en 42.97s
2026-05-02 18:59:03 | __main__             | INFO     | 
2026-05-02 18:59:03 | __main__             | INFO     | ============================================================
2026-05-02 18:59:03 | __main__             | INFO     | >> [2]   Transformacion
2026-05-02 18:59:03 | __main__             | INFO     | ============================================================
2026-05-02 18:59:04 | __main__             | INFO     | [OK] [2]   Transformacion completada en 0.79s
2026-05-02 18:59:04 | __main__             | INFO     | 
2026-05-02 18:59:04 | __main__             | INFO     | ============================================================
2026-05-02 18:59:04 | __main__             | INFO     | >> [2.5] Validacion
2026-05-02 18:59:04 | __main__             | INFO     | ============================================================
2026-05-02 18:59:04 | __main__             | INFO     | [OK] [2.5] Validacion completada en 0.63s
2026-05-02 18:59:04 | __main__             | INFO     | 
2026-05-02 18:59:04 | __main__             | INFO     | ============================================================
2026-05-02 18:59:04 | __main__             | INFO     | >> [3]   Features
2026-05-02 18:59:04 | __main__             | INFO     | ============================================================
2026-05-02 18:59:21 | __main__             | INFO     | [OK] [3]   Features completada en 16.45s
2026-05-02 18:59:21 | __main__             | INFO     | 
2026-05-02 18:59:21 | __main__             | INFO     | ============================================================
2026-05-02 18:59:21 | __main__             | INFO     | >> [4]   Entrenamiento
2026-05-02 18:59:21 | __main__             | INFO     | ============================================================
2026-05-02 18:59:24 | __main__             | INFO     | [OK] [4]   Entrenamiento completada en 2.68s
2026-05-02 18:59:24 | __main__             | INFO     | 
2026-05-02 18:59:24 | __main__             | INFO     | ============================================================
2026-05-02 18:59:24 | __main__             | INFO     | >> [4.1] Reentrenamiento
2026-05-02 18:59:24 | __main__             | INFO     | ============================================================
2026-05-02 18:59:27 | __main__             | INFO     | [OK] [4.1] Reentrenamiento completada en 3.00s
2026-05-02 18:59:27 | __main__             | INFO     | 
2026-05-02 18:59:27 | __main__             | INFO     | ============================================================
2026-05-02 18:59:27 | __main__             | INFO     | >> [4.5] Evaluacion
2026-05-02 18:59:27 | __main__             | INFO     | ============================================================
2026-05-02 18:59:29 | __main__             | INFO     | [OK] [4.5] Evaluacion completada en 2.86s
2026-05-02 18:59:29 | __main__             | INFO     | 
2026-05-02 18:59:29 | __main__             | INFO     | ============================================================
2026-05-02 18:59:29 | __main__             | INFO     | Etapas completadas : 7/7
2026-05-02 18:59:29 | __main__             | INFO     | Tiempo total       : 69.39s
2026-05-02 18:59:29 | __main__             | INFO     | [EXITO] Pipeline completado correctamente
2026-05-02 18:59:29 | __main__             | INFO     | ============================================================
