2026-05-02 19:19:04 | __main__             | INFO     | [RETRAIN] Iniciando reentrenamiento calibrado...
2026-05-02 19:19:04 | __main__             | INFO     | [RETRAIN] Cargados 43770 registros
2026-05-02 19:19:04 | __main__             | INFO     | [RETRAIN] Columnas disponibles: ['crypto', 'timestamp', 'price_usd', 'market_cap', 'change_1h_pct', 'change_24h_pct', 'change_7d_pct', 'volatility_30d', 'rsi_14', 'volume_24h', 'crypto_encoded', 'hour', 'day_of_week', 'month']
2026-05-02 19:19:04 | __main__             | INFO     | [RETRAIN] Filas tras eliminar NaN: 42930 (840 eliminadas)
2026-05-02 19:19:04 | __main__             | INFO     | [RETRAIN] X shape: (42930, 11) | y shape: (42930,)
2026-05-02 19:19:04 | __main__             | INFO     | [RETRAIN] Target  min: 1.1625 | max: 126011.1800 | mean: 20071.2894
2026-05-02 19:19:04 | __main__             | INFO     | [RETRAIN] Validación cruzada temporal con 5 folds...
2026-05-02 19:19:04 | __main__             | INFO     | [RETRAIN] Fold 1: train=7155 | test=7155
2026-05-02 19:19:05 | __main__             | INFO     | [RETRAIN] Fold 1: MAE=1572.8653 | RMSE=3442.0903 | Rē=0.9943 | best_iter=327
2026-05-02 19:19:05 | __main__             | INFO     | [RETRAIN] Fold 2: train=14310 | test=7155
2026-05-02 19:19:05 | __main__             | INFO     | [RETRAIN] Fold 2: MAE=316.3222 | RMSE=1488.9327 | Rē=0.9989 | best_iter=200
2026-05-02 19:19:05 | __main__             | INFO     | [RETRAIN] Fold 3: train=21465 | test=7155
2026-05-02 19:19:05 | __main__             | INFO     | [RETRAIN] Fold 3: MAE=18941.3547 | RMSE=29065.1748 | Rē=0.3597 | best_iter=18
2026-05-02 19:19:05 | __main__             | INFO     | [RETRAIN] Fold 4: train=28620 | test=7155
2026-05-02 19:19:05 | __main__             | INFO     | [RETRAIN] Fold 4: MAE=6205.1835 | RMSE=17644.7631 | Rē=0.6928 | best_iter=156
2026-05-02 19:19:05 | __main__             | INFO     | [RETRAIN] Fold 5: train=35775 | test=7155
2026-05-02 19:19:05 | __main__             | INFO     | [RETRAIN] Fold 5: MAE=413.6406 | RMSE=1118.2747 | Rē=0.9985 | best_iter=228
2026-05-02 19:19:05 | __main__             | INFO     | [RETRAIN] Métricas medias  MAE=5489.8733 | RMSE=10551.8471 | Rē=0.8088
2026-05-02 19:19:05 | __main__             | INFO     | [RETRAIN] Número óptimo de estimadores (media folds): 185
2026-05-02 19:19:05 | __main__             | INFO     | [RETRAIN] Entrenando modelo final con 185 estimadores...
2026-05-02 19:19:06 | __main__             | INFO     | [RETRAIN] Métricas finales (train completo)  MAE=121.3021 | RMSE=298.0242 | Rē=0.9999
2026-05-02 19:19:06 | __main__             | INFO     | [RETRAIN] Importancia de features:
market_cap        0.617377
volatility_30d    0.277606
volume_24h        0.057081
month             0.040935
crypto_encoded    0.006208
change_7d_pct     0.000234
change_24h_pct    0.000231
rsi_14            0.000184
hour              0.000079
day_of_week       0.000037
change_1h_pct     0.000029
2026-05-02 19:19:06 | __main__             | INFO     | [RETRAIN] Modelo guardado en: C:\Users\Usuario\Desktop\tfm-ia\data\models\model.pkl
