2026-05-02 18:59:28 | __main__             | INFO     | [EVALUATE] Iniciando evaluaciµn del modelo...
2026-05-02 18:59:28 | __main__             | INFO     | [EVALUATE] Modelo cargado desde: C:\Users\Usuario\Desktop\tfm-ia\data\models\model.pkl
2026-05-02 18:59:28 | __main__             | INFO     | [EVALUATE] Dataset cargado: 43765 filas
2026-05-02 18:59:28 | __main__             | INFO     | [EVALUATE] Filas tras eliminar NaN: 42925 (840 eliminadas)
2026-05-02 18:59:28 | __main__             | INFO     | ============================================================
2026-05-02 18:59:28 | __main__             | INFO     | [EVALUATE] MèTRICAS GLOBALES (IN-SAMPLE)
2026-05-02 18:59:28 | __main__             | INFO     | ============================================================
2026-05-02 18:59:28 | __main__             | INFO     | MAE  : 125.0578
2026-05-02 18:59:28 | __main__             | INFO     | RMSE : 307.9545
2026-05-02 18:59:28 | __main__             | INFO     | Rý   : 0.9999
2026-05-02 18:59:28 | __main__             | INFO     | ============================================================
2026-05-02 18:59:28 | __main__             | INFO     | [EVALUATE] HOLDOUT TEMPORAL (OUT-OF-SAMPLE)
2026-05-02 18:59:28 | __main__             | INFO     | ============================================================
2026-05-02 18:59:29 | __main__             | INFO     | Train: 34340 filas
2026-05-02 18:59:29 | __main__             | INFO     | Test : 8585 filas
2026-05-02 18:59:29 | __main__             | INFO     | MAE  : 913.7891
2026-05-02 18:59:29 | __main__             | INFO     | RMSE : 2201.9522
2026-05-02 18:59:29 | __main__             | INFO     | Rý   : 0.9939
2026-05-02 18:59:29 | __main__             | INFO     | ============================================================
2026-05-02 18:59:29 | __main__             | INFO     | [EVALUATE] VALIDACIÆN TEMPORAL POR FOLDS
2026-05-02 18:59:29 | __main__             | INFO     | ============================================================
2026-05-02 18:59:29 | __main__             | INFO     | Fold 1: MAE=1593.5985 | RMSE=3493.4810 | Rý=0.9942
2026-05-02 18:59:29 | __main__             | INFO     | Fold 2: MAE=314.0046 | RMSE=1500.3194 | Rý=0.9989
2026-05-02 18:59:29 | __main__             | INFO     | Fold 3: MAE=11899.7135 | RMSE=28731.9071 | Rý=0.3744
2026-05-02 18:59:29 | __main__             | INFO     | Fold 4: MAE=6192.4846 | RMSE=17625.2995 | Rý=0.6934
2026-05-02 18:59:29 | __main__             | INFO     | Fold 5: MAE=424.1543 | RMSE=1141.9506 | Rý=0.9984
2026-05-02 18:59:29 | __main__             | INFO     | Media folds: MAE=4084.7911 | RMSE=10498.5915 | Rý=0.8119
2026-05-02 18:59:29 | __main__             | INFO     | ============================================================
2026-05-02 18:59:29 | __main__             | INFO     | [EVALUATE] MèTRICAS POR CRYPTO
2026-05-02 18:59:29 | __main__             | INFO     | ============================================================
2026-05-02 18:59:29 | __main__             | INFO     | BinanceCoin     MAE=27.0932 | RMSE=44.6706 | Rý=0.9280
2026-05-02 18:59:29 | __main__             | INFO     | Bitcoin         MAE=517.7927 | RMSE=682.5442 | Rý=0.9985
2026-05-02 18:59:29 | __main__             | INFO     | Ethereum        MAE=48.0400 | RMSE=72.9591 | Rý=0.9922
2026-05-02 18:59:29 | __main__             | INFO     | Ripple          MAE=15.8871 | RMSE=19.3133 | Rý=-1030.3795
2026-05-02 18:59:29 | __main__             | INFO     | Solana          MAE=16.4762 | RMSE=24.9384 | Rý=0.6964
2026-05-02 18:59:29 | __main__             | INFO     | ============================================================
2026-05-02 18:59:29 | __main__             | INFO     | [EVALUATE] IMPORTANCIA DE FEATURES
2026-05-02 18:59:29 | __main__             | INFO     | ============================================================
2026-05-02 18:59:29 | __main__             | INFO     | 
market_cap        0.595411
volatility_30d    0.303389
volume_24h        0.059670
month             0.035437
crypto_encoded    0.005307
change_7d_pct     0.000252
change_24h_pct    0.000217
rsi_14            0.000176
hour              0.000075
day_of_week       0.000035
change_1h_pct     0.000031
2026-05-02 18:59:29 | __main__             | INFO     | ============================================================
2026-05-02 18:59:29 | __main__             | INFO     | [EVALUATE] Predicciones exportadas: C:\Users\Usuario\Desktop\tfm-ia\outputs\predicciones_evaluacion.csv
