2026-05-03 16:28:51 | __main__             | INFO     | 
2026-05-03 16:28:51 | __main__             | INFO     | ============================================================
2026-05-03 16:28:51 | __main__             | INFO     | INICIANDO PIPELINE MAESTRO
2026-05-03 16:28:51 | __main__             | INFO     | ============================================================
2026-05-03 16:28:51 | __main__             | INFO     | 
2026-05-03 16:28:51 | __main__             | INFO     | ============================================================
2026-05-03 16:28:51 | __main__             | INFO     | >> [1]   Ingesta
2026-05-03 16:28:51 | __main__             | INFO     | ============================================================
2026-05-03 16:29:37 | __main__             | INFO     | [OK] [1]   Ingesta completada en 46.16s
2026-05-03 16:29:37 | __main__             | INFO     | 
2026-05-03 16:29:37 | __main__             | INFO     | ============================================================
2026-05-03 16:29:37 | __main__             | INFO     | >> [2]   Transformacion
2026-05-03 16:29:37 | __main__             | INFO     | ============================================================
2026-05-03 16:29:38 | __main__             | INFO     | [OK] [2]   Transformacion completada en 0.96s
2026-05-03 16:29:38 | __main__             | INFO     | 
2026-05-03 16:29:38 | __main__             | INFO     | ============================================================
2026-05-03 16:29:38 | __main__             | INFO     | >> [2.5] Validacion
2026-05-03 16:29:38 | __main__             | INFO     | ============================================================
2026-05-03 16:29:39 | __main__             | INFO     | [OK] [2.5] Validacion completada en 0.62s
2026-05-03 16:29:39 | __main__             | INFO     | 
2026-05-03 16:29:39 | __main__             | INFO     | ============================================================
2026-05-03 16:29:39 | __main__             | INFO     | >> [3]   Features
2026-05-03 16:29:39 | __main__             | INFO     | ============================================================
2026-05-03 16:29:57 | __main__             | INFO     | [OK] [3]   Features completada en 18.04s
2026-05-03 16:29:57 | __main__             | INFO     | 
2026-05-03 16:29:57 | __main__             | INFO     | ============================================================
2026-05-03 16:29:57 | __main__             | INFO     | >> [4]   Entrenamiento
2026-05-03 16:29:57 | __main__             | INFO     | ============================================================
2026-05-03 16:30:03 | __main__             | INFO     | [OK] [4]   Entrenamiento completada en 6.12s
2026-05-03 16:30:03 | __main__             | INFO     | 
2026-05-03 16:30:03 | __main__             | INFO     | ============================================================
2026-05-03 16:30:03 | __main__             | INFO     | >> [4.1] Reentrenamiento
2026-05-03 16:30:03 | __main__             | INFO     | ============================================================
2026-05-03 16:30:06 | __main__             | INFO     | [OK] [4.1] Reentrenamiento completada en 2.85s
2026-05-03 16:30:06 | __main__             | INFO     | 
2026-05-03 16:30:06 | __main__             | INFO     | ============================================================
2026-05-03 16:30:06 | __main__             | INFO     | >> [4.5] Evaluacion
2026-05-03 16:30:06 | __main__             | INFO     | ============================================================
2026-05-03 16:30:09 | __main__             | INFO     | [OK] [4.5] Evaluacion completada en 2.69s
2026-05-03 16:30:09 | __main__             | INFO     | 
2026-05-03 16:30:09 | __main__             | INFO     | ============================================================
2026-05-03 16:30:09 | __main__             | INFO     | Etapas completadas : 7/7
2026-05-03 16:30:09 | __main__             | INFO     | Tiempo total       : 77.45s
2026-05-03 16:30:09 | __main__             | INFO     | [EXITO] Pipeline completado correctamente
2026-05-03 16:30:09 | __main__             | INFO     | ============================================================
