2026-05-04 21:31:39 | __main__             | INFO     | 
2026-05-04 21:31:39 | __main__             | INFO     | ============================================================
2026-05-04 21:31:39 | __main__             | INFO     | INICIANDO PIPELINE MAESTRO
2026-05-04 21:31:39 | __main__             | INFO     | ============================================================
2026-05-04 21:31:39 | __main__             | INFO     | 
2026-05-04 21:31:39 | __main__             | INFO     | ============================================================
2026-05-04 21:31:39 | __main__             | INFO     | >> [1]   Ingesta
2026-05-04 21:31:39 | __main__             | INFO     | ============================================================
2026-05-04 21:32:24 | __main__             | INFO     | [OK] [1]   Ingesta completada en 45.36s
2026-05-04 21:32:24 | __main__             | INFO     | 
2026-05-04 21:32:24 | __main__             | INFO     | ============================================================
2026-05-04 21:32:24 | __main__             | INFO     | >> [2]   Transformacion
2026-05-04 21:32:24 | __main__             | INFO     | ============================================================
2026-05-04 21:32:25 | __main__             | INFO     | [OK] [2]   Transformacion completada en 1.02s
2026-05-04 21:32:25 | __main__             | INFO     | 
2026-05-04 21:32:25 | __main__             | INFO     | ============================================================
2026-05-04 21:32:25 | __main__             | INFO     | >> [2.5] Validacion
2026-05-04 21:32:25 | __main__             | INFO     | ============================================================
2026-05-04 21:32:26 | __main__             | INFO     | [OK] [2.5] Validacion completada en 0.81s
2026-05-04 21:32:26 | __main__             | INFO     | 
2026-05-04 21:32:26 | __main__             | INFO     | ============================================================
2026-05-04 21:32:26 | __main__             | INFO     | >> [3]   Features
2026-05-04 21:32:26 | __main__             | INFO     | ============================================================
2026-05-04 21:32:44 | __main__             | INFO     | [OK] [3]   Features completada en 17.94s
2026-05-04 21:32:44 | __main__             | INFO     | 
2026-05-04 21:32:44 | __main__             | INFO     | ============================================================
2026-05-04 21:32:44 | __main__             | INFO     | >> [4]   Entrenamiento
2026-05-04 21:32:44 | __main__             | INFO     | ============================================================
2026-05-04 21:32:46 | __main__             | INFO     | [OK] [4]   Entrenamiento completada en 2.66s
2026-05-04 21:32:46 | __main__             | INFO     | 
2026-05-04 21:32:46 | __main__             | INFO     | ============================================================
2026-05-04 21:32:46 | __main__             | INFO     | >> [4.1] Reentrenamiento
2026-05-04 21:32:46 | __main__             | INFO     | ============================================================
2026-05-04 21:32:50 | __main__             | INFO     | [OK] [4.1] Reentrenamiento completada en 3.26s
2026-05-04 21:32:50 | __main__             | INFO     | 
2026-05-04 21:32:50 | __main__             | INFO     | ============================================================
2026-05-04 21:32:50 | __main__             | INFO     | >> [4.5] Evaluacion
2026-05-04 21:32:50 | __main__             | INFO     | ============================================================
2026-05-04 21:32:53 | __main__             | INFO     | [OK] [4.5] Evaluacion completada en 2.89s
2026-05-04 21:32:53 | __main__             | INFO     | 
2026-05-04 21:32:53 | __main__             | INFO     | ============================================================
2026-05-04 21:32:53 | __main__             | INFO     | Etapas completadas : 7/7
2026-05-04 21:32:53 | __main__             | INFO     | Tiempo total       : 73.95s
2026-05-04 21:32:53 | __main__             | INFO     | [EXITO] Pipeline completado correctamente
2026-05-04 21:32:53 | __main__             | INFO     | ============================================================
